tXO2QtjixaM
HFpGBQbTMlo
hBHhYyPntZg
Pc3zSPprzNY
7FdBz4JQ12U
jkloFUfTf3E
DpXZNs95KUM
ojIn9CZCOW8
xhmjTPPKDeU
shdnfckW1rg
wn1OsMSc61I
oRv317I739g
RkgrsLaM4Po
VB4NExi5uXs
Eb2W0O53A2U
kQi6TG58ehQ
sJhtKh2z2G0
KAT5uku3hT4
rTeObJmb7hQ
dfeuGFzjais
rwKJPSMH1tQ
KEwia5QdEtY
ywu88KEoh2g
i1gvPva38Nk
tB6VV5c5NwQ
J12TMNBdrqw
w0PaX98VlBM
5zwJoIFHhPQ
VHxK2KSvMwo
wMPprVqvGog
FVAGiB2VNM8
A6vdrzUyDXk
tU0EbEmmihg
zGEdQVdj0YU
rV7x2o9AmUM
cBRu9ZkKom8
Ma7hgIvg0e4
f6sRk58Pj6I
myRSXuWf7po
cNiOKSfSsg8
as7370nWa6Q
r0E79PAFYuU
8dz0uGj6sa0
LgRpkt3pOXI
maGAmkQkA34
M2a5p2Nj4LM
E0dKmtZdv7c
kqx59UI4AuI
dIzvZKIhhRw
66lXi6txndM
BzbOHrpgq74
4GjtyNMIPkw
OBIsNbM4e8U
DI0cVALj14s
pVa4iTZzYG0
mcCqZz7bmzY
Os3Cf0pWkXY
q8cmXfRLEBc
8PQxyPegtAc
M4ik8jpEGNY
mVBw9gqxIVw
XTKKj0CX3yQ
h7PWDCk1VOI
nc9WpXSTcCE
8AfxWNTjVbk
gKQ0QIa9tFY
cEYWU1M3cAY
fRWgCE5Be80
R8YrgnmCznE
nGkGJc9kI6o
9HGHTB1YFMI
FW86oWkfyW8
0boLGlVMcYk
8Ea5lk7OB7E
tr2JIIYVVvM
YNwstIYL2rg
FFPVDE8l3dk
uGcd18SlXww
DLLRbKoNliY
OvluLd5ZK24
bSlydsDQv7U
SClmKHcBsF8
k0E6NRclHE8
SWjJp09dLkc
Iua5ZxkXUOI
daUgUq0dXL4
CS7xvOx9M3k
lXXIoHLPseA
cSiAZ6fswFw
M3r3ppOtxVw
qc59JUQGqzI
fjTdyHQuHv0
xlXtrUK2kUQ
v8yXwot4qrc
yiLMfxmkMro
pGiA7N99JKw
AJ3NUEjNO9U
Rc2wakE2rhs
KRXdSq0c0ms
bQ418xQWtwQ
baUXu6J4OFc
jR7uRrLcpDM
c6Kw7gpPUdM
hdlhQQ1Aejo
ykoTjaxb2rE
gaf7aQrcMgo
pPjosOAAchg
1MAAeNpmCA4
Clva0znR5K4
T10LXpC0XDc
RJDkOpNsGyw
oRhA7AbdKMQ
nbsZAIkG9Hs
aGG52QNC678
gUpeuCflZkA
T4MX7TXnCtg
rNODi8hUcpY
QL9yNUYQlI0
yGktgi6INYo
St5w7RP54hU
ZeuaeNvHpzY
4QR7xKQGgLI
gMUoEHkneXU
P4G1KCebiL0
AjF0MJoxsyc
tQ1ClwPP28g
29nuWtNWjtA
HqiCNpgoF4U
T3RNwKquPlo
YDOXHQKpSiA
A1C7Zu2AwCQ
VSrbiRBwtOg
TfoUyJV4zHQ
91QfIuTtnRY
7VwpLwGmu1A
WnXmPoN1rjc
uejtLd0qOx8
GxoZ0S8DkmY
9SOZ2RELp2Y
pfUK7ldFYSg
pA82LaSNe8k
SviOCLuRQXM
bScmhoWa9nQ
s46W43WNJt8
zFZXpZNgbfQ
37ebJHZrYMk
9qT7ksofl7I
Y9sF7ibTyUw
noEcRnoTu1M
KRPXE2y8f70
VqprMzZXTf4
F0xtXqbuXII
OKUKSd4pnY8
XZSfT7jsphA
MRtrShj6LZ8
vWpm8U8XIk8
AR331vj2P20
Yr0932jlrw4
JmW6N6IJX7Y
4f0ubY3w5OY
gPQK5sUjYeg
EomQEZYCzNg
lKjtW2l9nR8
cKgQqKYZtLo
LR1Dc6RrwnM
dPJgAI7LwU0
DfxlMVWuqmA
rr8h2RGxYL0
5PlT7mJfp8g
i6dTsWk6kpI
DrV4nZhyldw
YY5tXqbMtBU
AuFmV6Re2ik
RjVR6YWaNWk
2eeHVY1qIlw
RxXKvgDYANA
iXRz4SHX3D0
1Tc3OTKv4hc
CRIF39MdF7A
1CwmPag7EAA
bB2zPxxPryw
66Hy5mEF4JI
3kcIE4tBE1c
AHxcJwYDjqk
CnwihDm955M
jv1aMuH6Cck
VcIWE9Bnicw
sioXt1Aq1Dw
zg8qZo5mDKk
I9pVvpIy4M4
U161kCqSs50
SxkpTeSs9ew
yn9ucxSIUqA
W0hjWVcVEpQ
cqqmZNSLPgk
Os3Cf0pWkXY
l1vQfrayfhI
mGeiSRlNgo0
eHvt3QSTXXs
5AxAOqElfA4
o66IbHcc1M4
49gpvQcDX8Q
e2BTsr6nGQM
iCMNdwKnFHc
BVrC1f8xDio
CSgTrjzr2mw
Vtd0Y482GUk
Mt639MBA8jI
rfKiE88fzIY
TVRH8LaTRx8
azmcFYLDEr4
DAyuA23GYSs
j3oBBG1ZVOI
hV0OGCqU3Ew
jjQCLDgKcYY
8dz0uGj6sa0
L7uG8SKwTPc
Jtmc7LnHMfw
3btRoIFTaZw
d6zE1Lm7voQ
jgJv3jjQWJs
5RZBAzceoXc
oktJ3OLBRRw
c2rzLnhupGU
xQOYC6yvb9Y
VM7ZfaJPxzQ
ooravPrrcww
pOyK9qQpdyQ
lgklWxtM0O4
UKxXrFCWejI
4cw4uDxdS4Y
AxblSYKK0rE
vZCEkqzu7cQ
GqZRbUrdLqY
hMUSqPAgozM
Gq8ZA8l9rns
fypN5UQg7iY
0qfpKNaXcYQ
wbzdDX5mUAA
W59ZxG8tckw
B40JbJ2Gk8s
vZvt32eI1nc
WdNommM4rmo
HQDEUSbrkZ0
55y527pgCd0
Vb85e13LTSI
ENfOsPca8PY
8hEiyroZlJk
9QzKiwBsPQk
vWQXJttEFwE
MMfR7Oh7IOI
jt4LaQIiHfU
1m8fEmcwIhI
9hi3RODWIEE
yW6VYGeq9g8
2ajHWrwzObA
xJWIu59AstM
ajiY8bEb0fU
rgNso5uKoMo
GIZxil0fCQc
4ftKUFdKstc
lyIgnyiD6iA
Sriyu1lt4ck
PZzkRaMSz6E
MrDwPFJzIbs
iUvA263Fj1s
2wUI3Qqy214
0DBbhudxh1c
UeUHRKboNMc
4HKoX7KPemQ
2B6FQjxXWP4
s03gqKc6x38
dEexwvqexEs
xsv7GX2Ploc
fThcela7ESE
gJA1GuNUQGk
01tKxwTuf9k
aPCyEzfiK1I
cBRu9ZkKom8
f6sRk58Pj6I
nc9WpXSTcCE
gKQ0QIa9tFY
lKjtW2l9nR8
uBXseDbxOHo
bQ418xQWtwQ
p8xhH1DRyco
ICQwG473Lyo
qGxPArmEgnU
BrXplNL9OFI
gOQIo8pqEpE
LPaXfGM5xDw
CsJy5uB0SFc
NclNVIUo4JM
9pxMK76SbBA
ptL6h8MheUI
EtUHWaaulUc
uWb2ZZzDBFw
mf3lValEzVA
OS2MBjBxn38
Ppl61QgTKKs
3W6Od65G9yo
aVWlhAUiCwM
p8CZTaPTCb0
I84yiDajn9s
PmYSZXOa718
INBaKk5YOBE
EP5Uac1U4K8
byv1YusEjaY
DLRpuLRpVlA
hM3B2iwNE7U
MMpYIZSjzJ4
gPGLjVNIJe8
e2BTsr6nGQM
4f0ubY3w5OY
QJDAKLlez60
lAbEtfUEFng
TcMTnisECZM
XkAhlMO0PkI
W4T3uDiKFLw
p6XQBvSQUK8
DxTiQxejKWA
KCwRwqMiHlo
GK9odomlows
9xJ0XXbZYus
JckA31Lj6uc
yRVHmDY3Als
fcdZuIejOAg
XHmfHP6XEVE
sJkkTOnR3Yc
WGqQWIhn4Zw
pQ31pTfkTHA
55YyxlQybBM
E3GVXBeCPxo
ZsU4DnoOY8w
Kms82WnIaZk
0VRhJIqfbDM
9Rr01L1yLrQ
HAgACxBc7ww
h3EVeqCMqR4
uvKBPr1mGC0
sdI8tQBgNoc
FuwlliqH3XU
SUTDSSkjQYc
WdNommM4rmo
HO3qQivbyiU
X1nngMYOeNc
b4ADSaOszk0
H17LJqmLjcM
5UllG1JxiM0
UHO5ElOL6S8
YRH8YWcor6A
lyIgnyiD6iA
JtgP54h3wg8
QJhjuAqJBvA
kwAduPbkbPQ
j6RLfXLFMoo
ybcdiqlMJL8
6aJMWKIXnRg
1DA89d4brhs
MCUZKl4Mw3k
JVUunyf7baI
nnsMNYvrdsg
sRCBVITnnkU
d9bqpsKEHBI
1h9nTwrS3gY
6s4OlH9uEFM
FrjGjSEBBVI
6QurnCtZz7o
XowHTHOicYw
PqWg9iN2mjs
KM08GDI0fTc
0DBbhudxh1c
idKR1FXf8PU
TjI2FNnST5s
y7pEkp487kI
7XhP47PgJcI
I7hOdyzJaNg
kTlg0HavPMg
4pEYuPYimCc
R8ZCvURSRNg
BW0bhPL9LvQ
lRhQ4LUbAN0
H0fp00GAPwM
KR9iN91gTX0
JcON9mySuWA
LkxqckQsrJ8
jZrNRR9lj8o
UCKZ9LhesLE
GPmeRcppd5Q
NlMJNE0udcA
MQ31LoyeH7U
3uotj7QfPvk
TGRlQpxSlqU
Q4JVHGTVBM4
yWcBHXZXfYs
jbAsxpLvWZI
fvU79GSoJkQ
szUuSiyPoAg
2LLsC2PkEBw
t08jqR20SrE
YOjdgKDrHfU
MqmNvig9z9M
2lEToSWewyA
qax6ERjcUfA
Q9PfPOoLw6w
2XsjTx8fzTQ
dJ9diza51HI
2OkW6MkdMcI
ptepuVn8yJY
XRngvshQ87w
2QkwhPLCDg4
SfqW3t6aOns
lCkHmpzcgW8
2hC4RiNfjOk
cmuzhic3KkE
kGkVSS6LyCw
Rokrw9WdIYA
1HwKHOMy0Og
GJ4ZXNpQRyg
bVaRfFMsp1U
amMCsHvy0Ts
E8lWYTZ9Ov4
TaBMGwC5fgU
4eSZgo4NO60
YFv8TZuFjOg
0jOSpAKlEpE
JrQVy3G7AO8
7cAhiKq52pQ
mpy6kVPTGIg
0Aa9N8ANZMk
ckD1DXrR1oU
0l98lOVV7pQ
H6KiZxMlWvY
pG2nRXXkqm4
tBIzqyrBvm4
3GDqkEQZkeY
KQAgJS9JQic
Q1ypIn8srI4
q9tpVmzoipc
SMMVcZvlEV8
7t0mzD2987M
7ynX38k5WNo
zAFQBj5cBqU
NlM3bQICAqQ
RrkwJlmlPG0
5N3sjd4sTZQ
Lt73qlxkCFQ
zbdCrf5Dlfw
tiSAQw2xTII
WJU5wPcxmMg
apLEVBKWnRU
z8Rr8jHM9Dw
DI0cVALj14s
GAG1RhwllXU
EPsfPWXiVT4
usoyf0yENro
vsKX4NNw5tY
We6Q93zUGfI
QlC4TOtQkgk
5upTzG8D3vI
1dpA5hfrVSc
VHjcWKEeLoA
9I89wQKVUw8
GJ0yCON0DzU
lElkm9v502s
krnNvXX3toE
EQ7PdFWhtC4
M2slljDAQ2E
k9IjPWwlP5Q
b8DJY32NRd4
ylOU2Yt3OCc
CAUBQwroeLM
yG6Gbj9lMN8
RJ3jnVzKJKg
JLal5of5Bzg
N6r17uGe2GQ
YdfhTvCoQNc
I8lXaVZ3PmU
OoEvhgBqhMo
RF6C1ZLGDmA
c3stwdblJDE
3NaiUT71uL8
k1GrsCZ5EUk
TyFh6jab4zA
kMSgjL76ts8
izaYje7zyIQ
XGXBrR4SWSg
JpcdCMNmlNU
W5GERJGrzRw
lKKQSNPQRzM
ZK4z1nnxpj4
CzleiW5Hg3I
siT9JIchb1Y
poLtO38YLXo
NOLLJMNazDk
CtY3Vx8oZK0
jwizaF2IXQ4
RqoEbAw1XKs
ExfwvMkAtU8
aW1rXz1iY30
F3xqBmS8cAE
wpKX7aKKWl4
qNerxiAQntw
koRQHQilpE0
6qVUZuhGyAA
i08Qpg1bpV8
8GCmKv4OoL0
Vn94x6VAKMs
MW6CAHc3ROw
t1YbGlx06vI
4gc1fqfgWW8
JjQ8wjQBhKc
aqZnvnw5oQ8
inSaTmxstrY
tz1mCduwQGw
3TyrdRAnQDM
unzXTUhkj2Q
tw2ZVN2ezYU
mUqctsTE4Sc
ND74z6W2JgY
yNsi7OgtO4Q
03GMPOzu0WQ
esg7663826g
gpasFJFk9XU
UksPWT9XgCU
hnVl3GpEs9o
